{"E:\\IT_and_programing\\Frontend\\8.0_Homeworks\\Task-6.2\\src\\js\\game.js": {"path":"E:\\IT_and_programing\\Frontend\\8.0_Homeworks\\Task-6.2\\src\\js\\game.js","statementMap":{"0":{"start":{"line":3,"column":18},"end":{"line":24,"column":1}},"1":{"start":{"line":28,"column":16},"end":{"line":28,"column":18}},"2":{"start":{"line":29,"column":2},"end":{"line":36,"column":3}},"3":{"start":{"line":29,"column":15},"end":{"line":29,"column":16}},"4":{"start":{"line":30,"column":4},"end":{"line":35,"column":5}},"5":{"start":{"line":31,"column":6},"end":{"line":31,"column":49}},"6":{"start":{"line":32,"column":6},"end":{"line":32,"column":25}},"7":{"start":{"line":34,"column":6},"end":{"line":34,"column":25}},"8":{"start":{"line":37,"column":2},"end":{"line":37,"column":15}}},"fnMap":{"0":{"name":"getSpecialAttack","decl":{"start":{"line":27,"column":24},"end":{"line":27,"column":40}},"loc":{"start":{"line":27,"column":71},"end":{"line":38,"column":1}},"line":27}},"branchMap":{"0":{"loc":{"start":{"line":27,"column":41},"end":{"line":27,"column":69}},"type":"default-arg","locations":[{"start":{"line":27,"column":60},"end":{"line":27,"column":69}}],"line":27},"1":{"loc":{"start":{"line":30,"column":4},"end":{"line":35,"column":5}},"type":"if","locations":[{"start":{"line":30,"column":4},"end":{"line":35,"column":5}},{"start":{"line":30,"column":4},"end":{"line":35,"column":5}}],"line":30}},"s":{"0":1,"1":1,"2":1,"3":1,"4":2,"5":1,"6":1,"7":1,"8":1},"f":{"0":1},"b":{"0":[1],"1":[1,1]},"_coverageSchema":"1a1c01bbd47fc00a2c39e90264f33305004495a9","hash":"8ef22f25a8835f609232552e424cbf8aee55909a"}
}
